Processing term number 1.
precomputing L2-norms of word weight vectors
Processing term number 10001.
Processing term number 20001.
Processing term number 30001.
Processing term number 40001.
Processing term number 50001.
Processing term number 60001.
Processing term number 70001.
Processing term number 80001.
Processing term number 90001.
Processing term number 100001.
Processing term number 110001.
Processing term number 120001.
Processing term number 130001.
Processing term number 140001.
Processing term number 150001.
Processing term number 160001.
Processing term number 170001.
Processing term number 180001.
Processing term number 190001.
Processing term number 200001.
Processing term number 210001.
Processing term number 220001.
Processing term number 230001.
Processing term number 240001.
Processing term number 250001.
Processing term number 260001.
Processing term number 270001.
Processing term number 280001.
Processing term number 290001.
Processing term number 300001.
Processing term number 310001.
Processing term number 320001.
Processing term number 330001.
Processing term number 340001.
Processing term number 350001.
Processing term number 360001.
Processing term number 370001.
Processing term number 380001.
Processing term number 390001.
Time elapsed: 2:01:58.648277
Matrix density:
- 0.7349510879 by word2vec,
- 0.0001858810 by kNN,
- 0.0000309120 by thresholding
