Processing term number 1.
precomputing L2-norms of word weight vectors
Processing term number 10001.
Processing term number 20001.
Processing term number 30001.
Processing term number 40001.
Processing term number 50001.
Processing term number 60001.
Processing term number 70001.
Processing term number 80001.
Processing term number 90001.
Processing term number 100001.
Processing term number 110001.
Processing term number 120001.
Processing term number 130001.
Processing term number 140001.
Processing term number 150001.
Processing term number 160001.
Processing term number 170001.
Processing term number 180001.
Processing term number 190001.
Processing term number 200001.
Processing term number 210001.
Processing term number 220001.
Processing term number 230001.
Processing term number 240001.
Processing term number 250001.
Processing term number 260001.
Processing term number 270001.
Processing term number 280001.
Processing term number 290001.
Processing term number 300001.
Processing term number 310001.
Processing term number 320001.
Processing term number 330001.
Processing term number 340001.
Processing term number 350001.
Processing term number 360001.
Processing term number 370001.
Processing term number 380001.
Processing term number 390001.
Processing term number 400001.
Processing term number 410001.
Processing term number 420001.
Processing term number 430001.
Processing term number 440001.
Processing term number 450001.
Processing term number 460001.
Processing term number 470001.
Processing term number 480001.
Processing term number 490001.
Processing term number 500001.
Processing term number 510001.
Processing term number 520001.
Processing term number 530001.
Processing term number 540001.
Processing term number 550001.
Processing term number 560001.
Processing term number 570001.
Processing term number 580001.
Processing term number 590001.
Processing term number 600001.
Processing term number 610001.
Processing term number 620001.
Processing term number 630001.
Processing term number 640001.
Processing term number 650001.
Processing term number 660001.
Processing term number 670001.
Processing term number 680001.
Processing term number 690001.
Processing term number 700001.
Processing term number 710001.
Processing term number 720001.
Processing term number 730001.
Processing term number 740001.
Processing term number 750001.
Processing term number 760001.
Processing term number 770001.
Processing term number 780001.
Processing term number 790001.
Processing term number 800001.
Processing term number 810001.
Processing term number 820001.
Processing term number 830001.
Processing term number 840001.
Processing term number 850001.
Processing term number 860001.
Processing term number 870001.
Processing term number 880001.
Processing term number 890001.
Processing term number 900001.
Processing term number 910001.
Processing term number 920001.
Processing term number 930001.
Processing term number 940001.
Processing term number 950001.
Processing term number 960001.
Processing term number 970001.
Processing term number 980001.
Processing term number 990001.
Processing term number 1000001.
Processing term number 1010001.
Processing term number 1020001.
Processing term number 1030001.
Processing term number 1040001.
Processing term number 1050001.
Processing term number 1060001.
Processing term number 1070001.
Processing term number 1080001.
Processing term number 1090001.
Processing term number 1100001.
Processing term number 1110001.
Processing term number 1120001.
Processing term number 1130001.
Processing term number 1140001.
Processing term number 1150001.
Processing term number 1160001.
Processing term number 1170001.
Processing term number 1180001.
Processing term number 1190001.
Time elapsed: 5:01:41.498208
Matrix density:
- 6.5432496379 by word2vec,
- 0.0005503772 by kNN,
- 0.0000396080 by thresholding
