Processing term number 1.
precomputing L2-norms of word weight vectors
Processing term number 10001.
Processing term number 20001.
Processing term number 30001.
Processing term number 40001.
Processing term number 50001.
Processing term number 60001.
Processing term number 70001.
Processing term number 80001.
Processing term number 90001.
Processing term number 100001.
Processing term number 110001.
Processing term number 120001.
Processing term number 130001.
Processing term number 140001.
Processing term number 150001.
Processing term number 160001.
Processing term number 170001.
Processing term number 180001.
Processing term number 190001.
Processing term number 200001.
Processing term number 210001.
Processing term number 220001.
Processing term number 230001.
Processing term number 240001.
Processing term number 250001.
Processing term number 260001.
Processing term number 270001.
Processing term number 280001.
Processing term number 290001.
Processing term number 300001.
Processing term number 310001.
Processing term number 320001.
Processing term number 330001.
Processing term number 340001.
Processing term number 350001.
Processing term number 360001.
Processing term number 370001.
Processing term number 380001.
Processing term number 390001.
Processing term number 400001.
Processing term number 410001.
Processing term number 420001.
Processing term number 430001.
Processing term number 440001.
Processing term number 450001.
Processing term number 460001.
Processing term number 470001.
Processing term number 480001.
Processing term number 490001.
Processing term number 500001.
Processing term number 510001.
Processing term number 520001.
Processing term number 530001.
Processing term number 540001.
Processing term number 550001.
Processing term number 560001.
Processing term number 570001.
Processing term number 580001.
Processing term number 590001.
Processing term number 600001.
Processing term number 610001.
Processing term number 620001.
Processing term number 630001.
Processing term number 640001.
Processing term number 650001.
Processing term number 660001.
Processing term number 670001.
Processing term number 680001.
Processing term number 690001.
Processing term number 700001.
Processing term number 710001.
Processing term number 720001.
Processing term number 730001.
Processing term number 740001.
Processing term number 750001.
Processing term number 760001.
Processing term number 770001.
Processing term number 780001.
Processing term number 790001.
Processing term number 800001.
Processing term number 810001.
Processing term number 820001.
Processing term number 830001.
Processing term number 840001.
Processing term number 850001.
Processing term number 860001.
Processing term number 870001.
Processing term number 880001.
Processing term number 890001.
Processing term number 900001.
Processing term number 910001.
Processing term number 920001.
Processing term number 930001.
Processing term number 940001.
Processing term number 950001.
Processing term number 960001.
Processing term number 970001.
Processing term number 980001.
Processing term number 990001.
Processing term number 1000001.
Processing term number 1010001.
Processing term number 1020001.
Processing term number 1030001.
Processing term number 1040001.
Processing term number 1050001.
Processing term number 1060001.
Processing term number 1070001.
Processing term number 1080001.
Processing term number 1090001.
Processing term number 1100001.
Processing term number 1110001.
Processing term number 1120001.
Processing term number 1130001.
Processing term number 1140001.
Processing term number 1150001.
Processing term number 1160001.
Processing term number 1170001.
Processing term number 1180001.
Processing term number 1190001.
Processing term number 1200001.
Processing term number 1210001.
Processing term number 1220001.
Processing term number 1230001.
Processing term number 1240001.
Processing term number 1250001.
Processing term number 1260001.
Processing term number 1270001.
Processing term number 1280001.
Processing term number 1290001.
Processing term number 1300001.
Processing term number 1310001.
Processing term number 1320001.
Processing term number 1330001.
Processing term number 1340001.
Processing term number 1350001.
Processing term number 1360001.
Processing term number 1370001.
Processing term number 1380001.
Processing term number 1390001.
Processing term number 1400001.
Processing term number 1410001.
Processing term number 1420001.
Processing term number 1430001.
Processing term number 1440001.
Processing term number 1450001.
Processing term number 1460001.
Processing term number 1470001.
Processing term number 1480001.
Processing term number 1490001.
Processing term number 1500001.
Processing term number 1510001.
Processing term number 1520001.
Processing term number 1530001.
Processing term number 1540001.
Processing term number 1550001.
Processing term number 1560001.
Processing term number 1570001.
Processing term number 1580001.
Processing term number 1590001.
Processing term number 1600001.
Processing term number 1610001.
Processing term number 1620001.
Processing term number 1630001.
Processing term number 1640001.
Processing term number 1650001.
Processing term number 1660001.
Processing term number 1670001.
Processing term number 1680001.
Processing term number 1690001.
Processing term number 1700001.
Processing term number 1710001.
Processing term number 1720001.
Processing term number 1730001.
Processing term number 1740001.
Processing term number 1750001.
Processing term number 1760001.
Processing term number 1770001.
Processing term number 1780001.
Processing term number 1790001.
Processing term number 1800001.
Processing term number 1810001.
Processing term number 1820001.
Processing term number 1830001.
Processing term number 1840001.
Processing term number 1850001.
Processing term number 1860001.
Processing term number 1870001.
Processing term number 1880001.
Processing term number 1890001.
Processing term number 1900001.
Processing term number 1910001.
Processing term number 1920001.
Processing term number 1930001.
Processing term number 1940001.
Processing term number 1950001.
Processing term number 1960001.
Processing term number 1970001.
Processing term number 1980001.
Processing term number 1990001.
Processing term number 2000001.
Processing term number 2010001.
Processing term number 2020001.
Processing term number 2030001.
Processing term number 2040001.
Processing term number 2050001.
Processing term number 2060001.
Processing term number 2070001.
Processing term number 2080001.
Processing term number 2090001.
Processing term number 2100001.
Processing term number 2110001.
Processing term number 2120001.
Processing term number 2130001.
Processing term number 2140001.
Processing term number 2150001.
Processing term number 2160001.
Processing term number 2170001.
Processing term number 2180001.
Processing term number 2190001.
Time elapsed: 10:48:18.796787
Matrix density:
- 22.1518220768 by word2vec,
- 0.0010108709 by kNN,
- 0.0000475708 by thresholding
